# JRE version: OpenJDK Runtime Environment (11.0.10) (build 11.0.10+0-b96-7249189)
# Java VM: OpenJDK 64-Bit Server VM (11.0.10+0-b96-7249189, mixed mode, tiered, compressed oops, g1 gc, windows-amd64)
Heap:
 garbage-first heap   total 391168K, used 285744K [0x0000000080000000, 0x0000000100000000)
  region size 1024K, 167 young (171008K), 9 survivors (9216K)
 Metaspace       used 115646K, capacity 118905K, committed 119004K, reserved 1153024K
  class space    used 14356K, capacity 15471K, committed 15564K, reserved 1048576K
GC Heap History (20 events):
Event: 5.210 GC heap before
{Heap before GC invocations=6 (full 0):
 garbage-first heap   total 391168K, used 128414K [0x0000000080000000, 0x0000000100000000)
  region size 1024K, 98 young (100352K), 8 survivors (8192K)
 Metaspace       used 42094K, capacity 43129K, committed 43440K, reserved 1087488K
  class space    used 5426K, capacity 5763K, committed 5888K, reserved 1048576K
}
Event: 5.222 GC heap after
{Heap after GC invocations=7 (full 0):
 garbage-first heap   total 391168K, used 40785K [0x0000000080000000, 0x0000000100000000)
  region size 1024K, 12 young (12288K), 12 survivors (12288K)
 Metaspace       used 42094K, capacity 43129K, committed 43440K, reserved 1087488K
  class space    used 5426K, capacity 5763K, committed 5888K, reserved 1048576K
}
Event: 6.501 GC heap before
{Heap before GC invocations=7 (full 0):
 garbage-first heap   total 391168K, used 165713K [0x0000000080000000, 0x0000000100000000)
  region size 1024K, 127 young (130048K), 12 survivors (12288K)
 Metaspace       used 54733K, capacity 56335K, committed 56624K, reserved 1097728K
  class space    used 6925K, capacity 7456K, committed 7552K, reserved 1048576K
}
Event: 6.513 GC heap after
{Heap after GC invocations=8 (full 0):
 garbage-first heap   total 391168K, used 60821K [0x0000000080000000, 0x0000000100000000)
  region size 1024K, 16 young (16384K), 16 survivors (16384K)
 Metaspace       used 54733K, capacity 56335K, committed 56624K, reserved 1097728K
  class space    used 6925K, capacity 7456K, committed 7552K, reserved 1048576K
}
Event: 6.856 GC heap before
{Heap before GC invocations=8 (full 0):
 garbage-first heap   total 391168K, used 100757K [0x0000000080000000, 0x0000000100000000)
  region size 1024K, 56 young (57344K), 16 survivors (16384K)
 Metaspace       used 58659K, capacity 60171K, committed 60240K, reserved 1101824K
  class space    used 7417K, capacity 7918K, committed 7936K, reserved 1048576K
}
Event: 6.869 GC heap after
{Heap after GC invocations=9 (full 0):
 garbage-first heap   total 391168K, used 64855K [0x0000000080000000, 0x0000000100000000)
  region size 1024K, 15 young (15360K), 15 survivors (15360K)
 Metaspace       used 58659K, capacity 60171K, committed 60240K, reserved 1101824K
  class space    used 7417K, capacity 7918K, committed 7936K, reserved 1048576K
}
Event: 8.210 GC heap before
{Heap before GC invocations=10 (full 0):
 garbage-first heap   total 391168K, used 198999K [0x0000000080000000, 0x0000000100000000)
  region size 1024K, 146 young (149504K), 15 survivors (15360K)
 Metaspace       used 72250K, capacity 74208K, committed 74268K, reserved 1114112K
  class space    used 9264K, capacity 9912K, committed 9932K, reserved 1048576K
}
Event: 8.224 GC heap after
{Heap after GC invocations=11 (full 0):
 garbage-first heap   total 391168K, used 73863K [0x0000000080000000, 0x0000000100000000)
  region size 1024K, 13 young (13312K), 13 survivors (13312K)
 Metaspace       used 72250K, capacity 74208K, committed 74268K, reserved 1114112K
  class space    used 9264K, capacity 9912K, committed 9932K, reserved 1048576K
}
Event: 11.356 GC heap before
{Heap before GC invocations=11 (full 0):
 garbage-first heap   total 391168K, used 244871K [0x0000000080000000, 0x0000000100000000)
  region size 1024K, 180 young (184320K), 13 survivors (13312K)
 Metaspace       used 88745K, capacity 90874K, committed 91036K, reserved 1128448K
  class space    used 11255K, capacity 12008K, committed 12108K, reserved 1048576K
}
Event: 11.370 GC heap after
{Heap after GC invocations=12 (full 0):
 garbage-first heap   total 391168K, used 84705K [0x0000000080000000, 0x0000000100000000)
  region size 1024K, 20 young (20480K), 20 survivors (20480K)
 Metaspace       used 88745K, capacity 90874K, committed 91036K, reserved 1128448K
  class space    used 11255K, capacity 12008K, committed 12108K, reserved 1048576K
}
Event: 13.539 GC heap before
{Heap before GC invocations=12 (full 0):
 garbage-first heap   total 391168K, used 266977K [0x0000000080000000, 0x0000000100000000)
  region size 1024K, 191 young (195584K), 20 survivors (20480K)
 Metaspace       used 91638K, capacity 94137K, committed 94364K, reserved 1130496K
  class space    used 11646K, capacity 12521K, committed 12620K, reserved 1048576K
}
Event: 13.555 GC heap after
{Heap after GC invocations=13 (full 0):
 garbage-first heap   total 391168K, used 94047K [0x0000000080000000, 0x0000000100000000)
  region size 1024K, 19 young (19456K), 19 survivors (19456K)
 Metaspace       used 91638K, capacity 94137K, committed 94364K, reserved 1130496K
  class space    used 11646K, capacity 12521K, committed 12620K, reserved 1048576K
}
Event: 14.089 GC heap before
{Heap before GC invocations=13 (full 0):
 garbage-first heap   total 391168K, used 278367K [0x0000000080000000, 0x0000000100000000)
  region size 1024K, 198 young (202752K), 19 survivors (19456K)
 Metaspace       used 91761K, capacity 94201K, committed 94364K, reserved 1130496K
  class space    used 11650K, capacity 12521K, committed 12620K, reserved 1048576K
}
Event: 14.100 GC heap after
{Heap after GC invocations=14 (full 0):
 garbage-first heap   total 391168K, used 95187K [0x0000000080000000, 0x0000000100000000)
  region size 1024K, 10 young (10240K), 10 survivors (10240K)
 Metaspace       used 91761K, capacity 94201K, committed 94364K, reserved 1130496K
  class space    used 11650K, capacity 12521K, committed 12620K, reserved 1048576K
}
Event: 15.366 GC heap before
{Heap before GC invocations=14 (full 0):
 garbage-first heap   total 391168K, used 211923K [0x0000000080000000, 0x0000000100000000)
  region size 1024K, 126 young (129024K), 10 survivors (10240K)
 Metaspace       used 98305K, capacity 100846K, committed 100956K, reserved 1136640K
  class space    used 12431K, capacity 13335K, committed 13388K, reserved 1048576K
}
Event: 15.373 GC heap after
{Heap after GC invocations=15 (full 0):
 garbage-first heap   total 391168K, used 96349K [0x0000000080000000, 0x0000000100000000)
  region size 1024K, 12 young (12288K), 12 survivors (12288K)
 Metaspace       used 98305K, capacity 100846K, committed 100956K, reserved 1136640K
  class space    used 12431K, capacity 13335K, committed 13388K, reserved 1048576K
}
Event: 37.762 GC heap before
{Heap before GC invocations=16 (full 0):
 garbage-first heap   total 391168K, used 291933K [0x0000000080000000, 0x0000000100000000)
  region size 1024K, 203 young (207872K), 12 survivors (12288K)
 Metaspace       used 106488K, capacity 109358K, committed 109532K, reserved 1144832K
  class space    used 13260K, capacity 14263K, committed 14284K, reserved 1048576K
}
Event: 37.781 GC heap after
{Heap after GC invocations=17 (full 0):
 garbage-first heap   total 391168K, used 114054K [0x0000000080000000, 0x0000000100000000)
  region size 1024K, 26 young (26624K), 26 survivors (26624K)
 Metaspace       used 106488K, capacity 109358K, committed 109532K, reserved 1144832K
  class space    used 13260K, capacity 14263K, committed 14284K, reserved 1048576K
}
Event: 39.981 GC heap before
{Heap before GC invocations=17 (full 0):
 garbage-first heap   total 391168K, used 309638K [0x0000000080000000, 0x0000000100000000)
  region size 1024K, 206 young (210944K), 26 survivors (26624K)
 Metaspace       used 111621K, capacity 114649K, committed 114908K, reserved 1148928K
  class space    used 13746K, capacity 14773K, committed 14796K, reserved 1048576K
}
Event: 40.004 GC heap after
{Heap after GC invocations=18 (full 0):
 garbage-first heap   total 391168K, used 123952K [0x0000000080000000, 0x0000000100000000)
  region size 1024K, 9 young (9216K), 9 survivors (9216K)
 Metaspace       used 111621K, capacity 114649K, committed 114908K, reserved 1148928K
  class space    used 13746K, capacity 14773K, committed 14796K, reserved 1048576K
}

