# JRE version: OpenJDK Runtime Environment (11.0.10) (build 11.0.10+0-b96-7249189)
# Java VM: OpenJDK 64-Bit Server VM (11.0.10+0-b96-7249189, mixed mode, tiered, compressed oops, g1 gc, windows-amd64)
Heap:
 garbage-first heap   total 391168K, used 241627K [0x0000000080000000, 0x0000000100000000)
  region size 1024K, 178 young (182272K), 26 survivors (26624K)
 Metaspace       used 89009K, capacity 91375K, committed 91468K, reserved 1128448K
  class space    used 11465K, capacity 12287K, committed 12364K, reserved 1048576K
GC Heap History (16 events):
Event: 0.904 GC heap before
{Heap before GC invocations=0 (full 0):
 garbage-first heap   total 391168K, used 29696K [0x0000000080000000, 0x0000000100000000)
  region size 1024K, 24 young (24576K), 0 survivors (0K)
 Metaspace       used 10163K, capacity 10397K, committed 10624K, reserved 1058816K
  class space    used 1060K, capacity 1107K, committed 1152K, reserved 1048576K
}
Event: 0.907 GC heap after
{Heap after GC invocations=1 (full 0):
 garbage-first heap   total 391168K, used 9264K [0x0000000080000000, 0x0000000100000000)
  region size 1024K, 3 young (3072K), 3 survivors (3072K)
 Metaspace       used 10163K, capacity 10397K, committed 10624K, reserved 1058816K
  class space    used 1060K, capacity 1107K, committed 1152K, reserved 1048576K
}
Event: 5.338 GC heap before
{Heap before GC invocations=1 (full 0):
 garbage-first heap   total 391168K, used 104496K [0x0000000080000000, 0x0000000100000000)
  region size 1024K, 97 young (99328K), 3 survivors (3072K)
 Metaspace       used 20573K, capacity 21095K, committed 21248K, reserved 1067008K
  class space    used 2511K, capacity 2701K, committed 2816K, reserved 1048576K
}
Event: 5.348 GC heap after
{Heap after GC invocations=2 (full 0):
 garbage-first heap   total 391168K, used 16862K [0x0000000080000000, 0x0000000100000000)
  region size 1024K, 11 young (11264K), 11 survivors (11264K)
 Metaspace       used 20573K, capacity 21095K, committed 21248K, reserved 1067008K
  class space    used 2511K, capacity 2701K, committed 2816K, reserved 1048576K
}
Event: 5.521 GC heap before
{Heap before GC invocations=3 (full 0):
 garbage-first heap   total 391168K, used 27102K [0x0000000080000000, 0x0000000100000000)
  region size 1024K, 21 young (21504K), 11 survivors (11264K)
 Metaspace       used 21810K, capacity 22470K, committed 22784K, reserved 1069056K
  class space    used 2733K, capacity 2949K, committed 3072K, reserved 1048576K
}
Event: 5.527 GC heap after
{Heap after GC invocations=4 (full 0):
 garbage-first heap   total 391168K, used 17188K [0x0000000080000000, 0x0000000100000000)
  region size 1024K, 1 young (1024K), 1 survivors (1024K)
 Metaspace       used 21810K, capacity 22470K, committed 22784K, reserved 1069056K
  class space    used 2733K, capacity 2949K, committed 3072K, reserved 1048576K
}
Event: 6.918 GC heap before
{Heap before GC invocations=4 (full 0):
 garbage-first heap   total 391168K, used 129828K [0x0000000080000000, 0x0000000100000000)
  region size 1024K, 101 young (103424K), 1 survivors (1024K)
 Metaspace       used 32199K, capacity 33041K, committed 33280K, reserved 1077248K
  class space    used 4308K, capacity 4599K, committed 4608K, reserved 1048576K
}
Event: 6.922 GC heap after
{Heap after GC invocations=5 (full 0):
 garbage-first heap   total 391168K, used 33548K [0x0000000080000000, 0x0000000100000000)
  region size 1024K, 7 young (7168K), 7 survivors (7168K)
 Metaspace       used 32199K, capacity 33041K, committed 33280K, reserved 1077248K
  class space    used 4308K, capacity 4599K, committed 4608K, reserved 1048576K
}
Event: 7.085 GC heap before
{Heap before GC invocations=5 (full 0):
 garbage-first heap   total 391168K, used 42764K [0x0000000080000000, 0x0000000100000000)
  region size 1024K, 17 young (17408K), 7 survivors (7168K)
 Metaspace       used 34843K, capacity 35720K, committed 35840K, reserved 1081344K
  class space    used 4553K, capacity 4898K, committed 4992K, reserved 1048576K
}
Event: 7.095 GC heap after
{Heap after GC invocations=6 (full 0):
 garbage-first heap   total 391168K, used 35242K [0x0000000080000000, 0x0000000100000000)
  region size 1024K, 9 young (9216K), 9 survivors (9216K)
 Metaspace       used 34843K, capacity 35720K, committed 35840K, reserved 1081344K
  class space    used 4553K, capacity 4898K, committed 4992K, reserved 1048576K
}
Event: 8.283 GC heap before
{Heap before GC invocations=7 (full 0):
 garbage-first heap   total 391168K, used 171434K [0x0000000080000000, 0x0000000100000000)
  region size 1024K, 131 young (134144K), 9 survivors (9216K)
 Metaspace       used 45355K, capacity 46568K, committed 46720K, reserved 1089536K
  class space    used 5733K, capacity 6158K, committed 6272K, reserved 1048576K
}
Event: 8.296 GC heap after
{Heap after GC invocations=8 (full 0):
 garbage-first heap   total 391168K, used 53715K [0x0000000080000000, 0x0000000100000000)
  region size 1024K, 17 young (17408K), 17 survivors (17408K)
 Metaspace       used 45355K, capacity 46568K, committed 46720K, reserved 1089536K
  class space    used 5733K, capacity 6158K, committed 6272K, reserved 1048576K
}
Event: 10.246 GC heap before
{Heap before GC invocations=8 (full 0):
 garbage-first heap   total 391168K, used 233939K [0x0000000080000000, 0x0000000100000000)
  region size 1024K, 188 young (192512K), 17 survivors (17408K)
 Metaspace       used 58394K, capacity 60130K, committed 60160K, reserved 1101824K
  class space    used 7435K, capacity 8041K, committed 8064K, reserved 1048576K
}
Event: 10.279 GC heap after
{Heap after GC invocations=9 (full 0):
 garbage-first heap   total 391168K, used 74510K [0x0000000080000000, 0x0000000100000000)
  region size 1024K, 24 young (24576K), 24 survivors (24576K)
 Metaspace       used 58394K, capacity 60130K, committed 60160K, reserved 1101824K
  class space    used 7435K, capacity 8041K, committed 8064K, reserved 1048576K
}
Event: 11.967 GC heap before
{Heap before GC invocations=10 (full 0):
 garbage-first heap   total 391168K, used 258830K [0x0000000080000000, 0x0000000100000000)
  region size 1024K, 204 young (208896K), 24 survivors (24576K)
 Metaspace       used 75000K, capacity 76889K, committed 77004K, reserved 1116160K
  class space    used 9744K, capacity 10391K, committed 10444K, reserved 1048576K
}
Event: 11.998 GC heap after
{Heap after GC invocations=11 (full 0):
 garbage-first heap   total 391168K, used 87003K [0x0000000080000000, 0x0000000100000000)
  region size 1024K, 26 young (26624K), 26 survivors (26624K)
 Metaspace       used 75000K, capacity 76889K, committed 77004K, reserved 1116160K
  class space    used 9744K, capacity 10391K, committed 10444K, reserved 1048576K
}

