# JRE version: OpenJDK Runtime Environment (11.0.10) (build 11.0.10+0-b96-7249189)
# Java VM: OpenJDK 64-Bit Server VM (11.0.10+0-b96-7249189, mixed mode, tiered, compressed oops, g1 gc, windows-amd64)
Heap:
 garbage-first heap   total 649216K, used 198706K [0x0000000080000000, 0x0000000100000000)
  region size 1024K, 19 young (19456K), 19 survivors (19456K)
 Metaspace       used 90578K, capacity 93232K, committed 93392K, reserved 1130496K
  class space    used 11696K, capacity 12672K, committed 12672K, reserved 1048576K
GC Heap History (20 events):
Event: 21.086 GC heap after
{Heap after GC invocations=21 (full 0):
 garbage-first heap   total 391168K, used 177141K [0x0000000080000000, 0x0000000100000000)
  region size 1024K, 12 young (12288K), 12 survivors (12288K)
 Metaspace       used 88823K, capacity 91338K, committed 91472K, reserved 1128448K
  class space    used 11527K, capacity 12446K, committed 12544K, reserved 1048576K
}
Event: 21.301 GC heap before
{Heap before GC invocations=21 (full 0):
 garbage-first heap   total 391168K, used 330741K [0x0000000080000000, 0x0000000100000000)
  region size 1024K, 163 young (166912K), 12 survivors (12288K)
 Metaspace       used 88834K, capacity 91341K, committed 91472K, reserved 1128448K
  class space    used 11528K, capacity 12447K, committed 12544K, reserved 1048576K
}
Event: 21.312 GC heap after
{Heap after GC invocations=22 (full 0):
 garbage-first heap   total 391168K, used 179275K [0x0000000080000000, 0x0000000100000000)
  region size 1024K, 13 young (13312K), 13 survivors (13312K)
 Metaspace       used 88834K, capacity 91341K, committed 91472K, reserved 1128448K
  class space    used 11528K, capacity 12447K, committed 12544K, reserved 1048576K
}
Event: 21.499 GC heap before
{Heap before GC invocations=22 (full 0):
 garbage-first heap   total 391168K, used 333899K [0x0000000080000000, 0x0000000100000000)
  region size 1024K, 164 young (167936K), 13 survivors (13312K)
 Metaspace       used 88884K, capacity 91406K, committed 91728K, reserved 1128448K
  class space    used 11529K, capacity 12447K, committed 12544K, reserved 1048576K
}
Event: 21.519 GC heap after
{Heap after GC invocations=23 (full 0):
 garbage-first heap   total 459776K, used 181302K [0x0000000080000000, 0x0000000100000000)
  region size 1024K, 13 young (13312K), 13 survivors (13312K)
 Metaspace       used 88884K, capacity 91406K, committed 91728K, reserved 1128448K
  class space    used 11529K, capacity 12447K, committed 12544K, reserved 1048576K
}
Event: 21.778 GC heap before
{Heap before GC invocations=23 (full 0):
 garbage-first heap   total 459776K, used 379958K [0x0000000080000000, 0x0000000100000000)
  region size 1024K, 207 young (211968K), 13 survivors (13312K)
 Metaspace       used 88956K, capacity 91477K, committed 91728K, reserved 1128448K
  class space    used 11529K, capacity 12447K, committed 12544K, reserved 1048576K
}
Event: 21.790 GC heap after
{Heap after GC invocations=24 (full 0):
 garbage-first heap   total 459776K, used 183918K [0x0000000080000000, 0x0000000100000000)
  region size 1024K, 16 young (16384K), 16 survivors (16384K)
 Metaspace       used 88956K, capacity 91477K, committed 91728K, reserved 1128448K
  class space    used 11529K, capacity 12447K, committed 12544K, reserved 1048576K
}
Event: 22.014 GC heap before
{Heap before GC invocations=24 (full 0):
 garbage-first heap   total 459776K, used 383598K [0x0000000080000000, 0x0000000100000000)
  region size 1024K, 212 young (217088K), 16 survivors (16384K)
 Metaspace       used 89047K, capacity 91554K, committed 91728K, reserved 1128448K
  class space    used 11531K, capacity 12448K, committed 12544K, reserved 1048576K
}
Event: 22.028 GC heap after
{Heap after GC invocations=25 (full 0):
 garbage-first heap   total 459776K, used 186715K [0x0000000080000000, 0x0000000100000000)
  region size 1024K, 17 young (17408K), 17 survivors (17408K)
 Metaspace       used 89047K, capacity 91554K, committed 91728K, reserved 1128448K
  class space    used 11531K, capacity 12448K, committed 12544K, reserved 1048576K
}
Event: 22.232 GC heap before
{Heap before GC invocations=25 (full 0):
 garbage-first heap   total 459776K, used 387419K [0x0000000080000000, 0x0000000100000000)
  region size 1024K, 213 young (218112K), 17 survivors (17408K)
 Metaspace       used 89198K, capacity 91771K, committed 91984K, reserved 1128448K
  class space    used 11554K, capacity 12498K, committed 12544K, reserved 1048576K
}
Event: 22.245 GC heap after
{Heap after GC invocations=26 (full 0):
 garbage-first heap   total 459776K, used 188930K [0x0000000080000000, 0x0000000100000000)
  region size 1024K, 17 young (17408K), 17 survivors (17408K)
 Metaspace       used 89198K, capacity 91771K, committed 91984K, reserved 1128448K
  class space    used 11554K, capacity 12498K, committed 12544K, reserved 1048576K
}
Event: 22.484 GC heap before
{Heap before GC invocations=26 (full 0):
 garbage-first heap   total 459776K, used 391682K [0x0000000080000000, 0x0000000100000000)
  region size 1024K, 215 young (220160K), 17 survivors (17408K)
 Metaspace       used 89613K, capacity 92175K, committed 92368K, reserved 1128448K
  class space    used 11610K, capacity 12547K, committed 12672K, reserved 1048576K
}
Event: 22.502 GC heap after
{Heap after GC invocations=27 (full 0):
 garbage-first heap   total 525312K, used 192630K [0x0000000080000000, 0x0000000100000000)
  region size 1024K, 18 young (18432K), 18 survivors (18432K)
 Metaspace       used 89613K, capacity 92175K, committed 92368K, reserved 1128448K
  class space    used 11610K, capacity 12547K, committed 12672K, reserved 1048576K
}
Event: 22.910 GC heap before
{Heap before GC invocations=27 (full 0):
 garbage-first heap   total 525312K, used 438390K [0x0000000080000000, 0x0000000100000000)
  region size 1024K, 259 young (265216K), 18 survivors (18432K)
 Metaspace       used 90240K, capacity 92841K, committed 93136K, reserved 1130496K
  class space    used 11672K, capacity 12612K, committed 12672K, reserved 1048576K
}
Event: 22.927 GC heap after
{Heap after GC invocations=28 (full 0):
 garbage-first heap   total 525312K, used 194623K [0x0000000080000000, 0x0000000100000000)
  region size 1024K, 18 young (18432K), 18 survivors (18432K)
 Metaspace       used 90240K, capacity 92841K, committed 93136K, reserved 1130496K
  class space    used 11672K, capacity 12612K, committed 12672K, reserved 1048576K
}
Event: 23.327 GC heap before
{Heap before GC invocations=28 (full 0):
 garbage-first heap   total 525312K, used 450623K [0x0000000080000000, 0x0000000100000000)
  region size 1024K, 266 young (272384K), 18 survivors (18432K)
 Metaspace       used 90461K, capacity 93096K, committed 93136K, reserved 1130496K
  class space    used 11696K, capacity 12672K, committed 12672K, reserved 1048576K
}
Event: 23.344 GC heap after
{Heap after GC invocations=29 (full 0):
 garbage-first heap   total 525312K, used 194030K [0x0000000080000000, 0x0000000100000000)
  region size 1024K, 18 young (18432K), 18 survivors (18432K)
 Metaspace       used 90461K, capacity 93096K, committed 93136K, reserved 1130496K
  class space    used 11696K, capacity 12672K, committed 12672K, reserved 1048576K
}
Event: 23.753 GC heap before
{Heap before GC invocations=29 (full 0):
 garbage-first heap   total 525312K, used 451054K [0x0000000080000000, 0x0000000100000000)
  region size 1024K, 269 young (275456K), 18 survivors (18432K)
 Metaspace       used 90520K, capacity 93162K, committed 93392K, reserved 1130496K
  class space    used 11696K, capacity 12672K, committed 12672K, reserved 1048576K
}
Event: 23.777 GC heap after
{Heap after GC invocations=30 (full 0):
 garbage-first heap   total 525312K, used 197796K [0x0000000080000000, 0x0000000100000000)
  region size 1024K, 21 young (21504K), 21 survivors (21504K)
 Metaspace       used 90520K, capacity 93162K, committed 93392K, reserved 1130496K
  class space    used 11696K, capacity 12672K, committed 12672K, reserved 1048576K
}
Event: 24.145 GC heap before
{Heap before GC invocations=30 (full 0):
 garbage-first heap   total 525312K, used 450724K [0x0000000080000000, 0x0000000100000000)
  region size 1024K, 267 young (273408K), 21 survivors (21504K)
 Metaspace       used 90578K, capacity 93232K, committed 93392K, reserved 1130496K
  class space    used 11696K, capacity 12672K, committed 12672K, reserved 1048576K
}

