# JRE version: OpenJDK Runtime Environment (11.0.10) (build 11.0.10+0-b96-7249189)
# Java VM: OpenJDK 64-Bit Server VM (11.0.10+0-b96-7249189, mixed mode, tiered, compressed oops, g1 gc, windows-amd64)
Heap:
 garbage-first heap   total 391168K, used 243856K [0x0000000080000000, 0x0000000100000000)
  region size 1024K, 88 young (90112K), 13 survivors (13312K)
 Metaspace       used 108457K, capacity 111843K, committed 111964K, reserved 1146880K
  class space    used 13684K, capacity 14867K, committed 14924K, reserved 1048576K
GC Heap History (20 events):
Event: 5.202 GC heap after
{Heap after GC invocations=8 (full 0):
 garbage-first heap   total 391168K, used 42336K [0x0000000080000000, 0x0000000100000000)
  region size 1024K, 16 young (16384K), 16 survivors (16384K)
 Metaspace       used 43584K, capacity 44822K, committed 44976K, reserved 1087488K
  class space    used 5656K, capacity 6076K, committed 6144K, reserved 1048576K
}
Event: 6.523 GC heap before
{Heap before GC invocations=8 (full 0):
 garbage-first heap   total 391168K, used 184672K [0x0000000080000000, 0x0000000100000000)
  region size 1024K, 148 young (151552K), 16 survivors (16384K)
 Metaspace       used 58596K, capacity 60152K, committed 60240K, reserved 1101824K
  class space    used 7422K, capacity 7916K, committed 7936K, reserved 1048576K
}
Event: 6.555 GC heap after
{Heap after GC invocations=9 (full 0):
 garbage-first heap   total 391168K, used 64489K [0x0000000080000000, 0x0000000100000000)
  region size 1024K, 25 young (25600K), 25 survivors (25600K)
 Metaspace       used 58596K, capacity 60152K, committed 60240K, reserved 1101824K
  class space    used 7422K, capacity 7916K, committed 7936K, reserved 1048576K
}
Event: 21.809 GC heap before
{Heap before GC invocations=10 (full 0):
 garbage-first heap   total 391168K, used 227305K [0x0000000080000000, 0x0000000100000000)
  region size 1024K, 185 young (189440K), 25 survivors (25600K)
 Metaspace       used 74936K, capacity 76931K, committed 77084K, reserved 1116160K
  class space    used 9406K, capacity 10069K, committed 10188K, reserved 1048576K
}
Event: 21.834 GC heap after
{Heap after GC invocations=11 (full 0):
 garbage-first heap   total 391168K, used 74599K [0x0000000080000000, 0x0000000100000000)
  region size 1024K, 12 young (12288K), 12 survivors (12288K)
 Metaspace       used 74936K, capacity 76931K, committed 77084K, reserved 1116160K
  class space    used 9406K, capacity 10069K, committed 10188K, reserved 1048576K
}
Event: 23.859 GC heap before
{Heap before GC invocations=11 (full 0):
 garbage-first heap   total 391168K, used 291687K [0x0000000080000000, 0x0000000100000000)
  region size 1024K, 224 young (229376K), 12 survivors (12288K)
 Metaspace       used 89824K, capacity 92339K, committed 92572K, reserved 1130496K
  class space    used 11249K, capacity 12081K, committed 12108K, reserved 1048576K
}
Event: 23.876 GC heap after
{Heap after GC invocations=12 (full 0):
 garbage-first heap   total 391168K, used 86150K [0x0000000080000000, 0x0000000100000000)
  region size 1024K, 23 young (23552K), 23 survivors (23552K)
 Metaspace       used 89824K, capacity 92339K, committed 92572K, reserved 1130496K
  class space    used 11249K, capacity 12081K, committed 12108K, reserved 1048576K
}
Event: 34.010 GC heap before
{Heap before GC invocations=12 (full 0):
 garbage-first heap   total 391168K, used 253062K [0x0000000080000000, 0x0000000100000000)
  region size 1024K, 187 young (191488K), 23 survivors (23552K)
 Metaspace       used 97842K, capacity 100875K, committed 100956K, reserved 1136640K
  class space    used 12279K, capacity 13311K, committed 13388K, reserved 1048576K
}
Event: 34.056 GC heap after
{Heap after GC invocations=13 (full 0):
 garbage-first heap   total 391168K, used 94475K [0x0000000080000000, 0x0000000100000000)
  region size 1024K, 23 young (23552K), 23 survivors (23552K)
 Metaspace       used 97842K, capacity 100875K, committed 100956K, reserved 1136640K
  class space    used 12279K, capacity 13311K, committed 13388K, reserved 1048576K
}
Event: 36.136 GC heap before
{Heap before GC invocations=14 (full 0):
 garbage-first heap   total 391168K, used 301323K [0x0000000080000000, 0x0000000100000000)
  region size 1024K, 222 young (227328K), 23 survivors (23552K)
 Metaspace       used 102196K, capacity 105417K, committed 105692K, reserved 1140736K
  class space    used 12874K, capacity 13972K, committed 14028K, reserved 1048576K
}
Event: 36.168 GC heap after
{Heap after GC invocations=15 (full 0):
 garbage-first heap   total 391168K, used 125490K [0x0000000080000000, 0x0000000100000000)
  region size 1024K, 28 young (28672K), 28 survivors (28672K)
 Metaspace       used 102196K, capacity 105417K, committed 105692K, reserved 1140736K
  class space    used 12874K, capacity 13972K, committed 14028K, reserved 1048576K
}
Event: 36.571 GC heap before
{Heap before GC invocations=15 (full 0):
 garbage-first heap   total 391168K, used 299570K [0x0000000080000000, 0x0000000100000000)
  region size 1024K, 194 young (198656K), 28 survivors (28672K)
 Metaspace       used 105161K, capacity 108404K, committed 108508K, reserved 1142784K
  class space    used 13333K, capacity 14456K, committed 14540K, reserved 1048576K
}
Event: 36.612 GC heap after
{Heap after GC invocations=16 (full 0):
 garbage-first heap   total 391168K, used 151552K [0x0000000080000000, 0x0000000100000000)
  region size 1024K, 25 young (25600K), 25 survivors (25600K)
 Metaspace       used 105161K, capacity 108404K, committed 108508K, reserved 1142784K
  class space    used 13333K, capacity 14456K, committed 14540K, reserved 1048576K
}
Event: 37.252 GC heap before
{Heap before GC invocations=16 (full 0):
 garbage-first heap   total 391168K, used 293888K [0x0000000080000000, 0x0000000100000000)
  region size 1024K, 164 young (167936K), 25 survivors (25600K)
 Metaspace       used 107331K, capacity 110733K, committed 110940K, reserved 1144832K
  class space    used 13643K, capacity 14825K, committed 14924K, reserved 1048576K
}
Event: 37.275 GC heap after
{Heap after GC invocations=17 (full 0):
 garbage-first heap   total 391168K, used 158647K [0x0000000080000000, 0x0000000100000000)
  region size 1024K, 5 young (5120K), 5 survivors (5120K)
 Metaspace       used 107331K, capacity 110733K, committed 110940K, reserved 1144832K
  class space    used 13643K, capacity 14825K, committed 14924K, reserved 1048576K
}
Event: 37.589 GC heap before
{Heap before GC invocations=17 (full 0):
 garbage-first heap   total 391168K, used 302007K [0x0000000080000000, 0x0000000100000000)
  region size 1024K, 145 young (148480K), 5 survivors (5120K)
 Metaspace       used 107532K, capacity 110880K, committed 111196K, reserved 1146880K
  class space    used 13665K, capacity 14831K, committed 14924K, reserved 1048576K
}
Event: 37.598 GC heap after
{Heap after GC invocations=18 (full 0):
 garbage-first heap   total 391168K, used 157796K [0x0000000080000000, 0x0000000100000000)
  region size 1024K, 5 young (5120K), 5 survivors (5120K)
 Metaspace       used 107532K, capacity 110880K, committed 111196K, reserved 1146880K
  class space    used 13665K, capacity 14831K, committed 14924K, reserved 1048576K
}
Event: 37.848 GC heap before
{Heap before GC invocations=18 (full 0):
 garbage-first heap   total 391168K, used 307300K [0x0000000080000000, 0x0000000100000000)
  region size 1024K, 151 young (154624K), 5 survivors (5120K)
 Metaspace       used 107715K, capacity 111077K, committed 111196K, reserved 1146880K
  class space    used 13671K, capacity 14831K, committed 14924K, reserved 1048576K
}
Event: 37.855 GC heap after
{Heap after GC invocations=19 (full 0):
 garbage-first heap   total 391168K, used 159864K [0x0000000080000000, 0x0000000100000000)
  region size 1024K, 7 young (7168K), 7 survivors (7168K)
 Metaspace       used 107715K, capacity 111077K, committed 111196K, reserved 1146880K
  class space    used 13671K, capacity 14831K, committed 14924K, reserved 1048576K
}
Event: 38.112 GC heap before
{Heap before GC invocations=19 (full 0):
 garbage-first heap   total 391168K, used 311416K [0x0000000080000000, 0x0000000100000000)
  region size 1024K, 156 young (159744K), 7 survivors (7168K)
 Metaspace       used 107784K, capacity 111176K, committed 111452K, reserved 1146880K
  class space    used 13676K, capacity 14864K, committed 14924K, reserved 1048576K
}

